<?xml version="1.0" encoding="UTF-8"?>
<!-- Generated by org.testng.reporters.JUnitXMLReporter -->
<testsuite ignored="0" hostname="DESKTOP-88FLBF9" failures="0" tests="9" name="Test" time="125.603" errors="0" timestamp="2020-08-27T03:10:37 IST">
  <testcase classname="CRM.IntialChecks" name="footerImage" time="0.057"/>
  <testcase classname="CRM.IntialChecks" name="getTitle" time="0.022"/>
  <testcase classname="CRM.IntialChecks" name="headerImage" time="0.048"/>
  <testcase classname="CRM.loginBase" name="homePage_Verification" time="0.008"/>
  <testcase classname="CRM.loginBase" name="verifyNavColor" time="0.038"/>
  <testcase classname="CRM.VerfiyObjects" name="leadAlert" time="11.43"/>
  <testcase classname="CRM.VerfiyObjects" name="verifyActivity" time="1.996"/>
  <testcase classname="CRM.DataScraping" name="accountData" time="6.997"/>
  <testcase classname="CRM.DataScraping" name="leadsData" time="6.781"/>
</testsuite> <!-- Test -->
